nohup: ignoring input
System CPUs: 128
Parallel instances: 42
Threads per instance: 3
Total threads needed: 126

Found 56 test instances
No existing results found, solving all 56 instances

Solver: cbc
MIP gap: 0.01

Starting parallel execution with 42 workers...


[2015-06-01_reserves_0.json] Loading data...
[2015-06-01_reserves_0.json] Data loaded in 0.00s
[2015-06-01_reserves_0.json] Building model...
[2015-06-01_reserves_0.json] Model built in 7.36s
[2015-06-01_reserves_0.json] Solving with 3 threads...

[2015-06-01_reserves_1.json] Loading data...
[2015-06-01_reserves_1.json] Data loaded in 0.00s
[2015-06-01_reserves_1.json] Building model...
[2015-06-01_reserves_1.json] Model built in 7.31s
[2015-06-01_reserves_1.json] Solving with 3 threads...

[2014-09-01_reserves_3.json] Loading data...
[2014-09-01_reserves_3.json] Data loaded in 0.00s
[2014-09-01_reserves_3.json] Building model...
[2014-09-01_reserves_3.json] Model built in 8.58s
[2014-09-01_reserves_3.json] Solving with 3 threads...

[2015-03-01_reserves_5.json] Loading data...
[2015-03-01_reserves_5.json] Data loaded in 0.00s
[2015-03-01_reserves_5.json] Building model...
[2015-03-01_reserves_5.json] Model built in 8.70s
[2015-03-01_reserves_5.json] Solving with 3 threads...

[2014-12-01_reserves_3.json] Loading data...
[2014-12-01_reserves_3.json] Data loaded in 0.00s
[2014-12-01_reserves_3.json] Building model...
[2014-12-01_reserves_3.json] Model built in 8.95s
[2014-12-01_reserves_3.json] Solving with 3 threads...

[2015-06-01_reserves_3.json] Loading data...
[2015-06-01_reserves_3.json] Data loaded in 0.01s
[2015-06-01_reserves_3.json] Building model...
[2015-06-01_reserves_3.json] Model built in 8.99s
[2015-06-01_reserves_3.json] Solving with 3 threads...

[Scenario400_reserves_3.json] Loading data...
[Scenario400_reserves_3.json] Data loaded in 0.01s
[Scenario400_reserves_3.json] Building model...
[Scenario400_reserves_3.json] Model built in 9.27s
[Scenario400_reserves_3.json] Solving with 3 threads...

[2014-09-01_reserves_1.json] Loading data...
[2014-09-01_reserves_1.json] Data loaded in 0.00s
[2014-09-01_reserves_1.json] Building model...
[2014-09-01_reserves_1.json] Model built in 8.81s
[2014-09-01_reserves_1.json] Solving with 3 threads...

[2015-03-01_reserves_1.json] Loading data...
[2015-03-01_reserves_1.json] Data loaded in 0.00s
[2015-03-01_reserves_1.json] Building model...
[2015-03-01_reserves_1.json] Model built in 9.29s
[2015-03-01_reserves_1.json] Solving with 3 threads...

[2015-06-01_reserves_5.json] Loading data...
[2015-06-01_reserves_5.json] Data loaded in 0.00s
[2015-06-01_reserves_5.json] Building model...
[2015-06-01_reserves_5.json] Model built in 9.08s
[2015-06-01_reserves_5.json] Solving with 3 threads...

[2015-03-01_reserves_0.json] Loading data...
[2015-03-01_reserves_0.json] Data loaded in 0.00s
[2015-03-01_reserves_0.json] Building model...
[2015-03-01_reserves_0.json] Model built in 9.04s
[2015-03-01_reserves_0.json] Solving with 3 threads...

[Scenario400_reserves_5.json] Loading data...
[Scenario400_reserves_5.json] Data loaded in 0.00s
[Scenario400_reserves_5.json] Building model...
[Scenario400_reserves_5.json] Model built in 8.97s
[Scenario400_reserves_5.json] Solving with 3 threads...

[Scenario400_reserves_1.json] Loading data...
[Scenario400_reserves_1.json] Data loaded in 0.01s
[Scenario400_reserves_1.json] Building model...
[Scenario400_reserves_1.json] Model built in 9.11s
[Scenario400_reserves_1.json] Solving with 3 threads...

[Scenario400_reserves_0.json] Loading data...
[Scenario400_reserves_0.json] Data loaded in 0.00s
[Scenario400_reserves_0.json] Building model...
[Scenario400_reserves_0.json] Model built in 9.11s
[Scenario400_reserves_0.json] Solving with 3 threads...

[2014-09-01_reserves_5.json] Loading data...
[2014-09-01_reserves_5.json] Data loaded in 0.00s
[2014-09-01_reserves_5.json] Building model...
[2014-09-01_reserves_5.json] Model built in 9.05s
[2014-09-01_reserves_5.json] Solving with 3 threads...

[2014-12-01_reserves_0.json] Loading data...
[2014-12-01_reserves_0.json] Data loaded in 0.00s
[2014-12-01_reserves_0.json] Building model...
[2014-12-01_reserves_0.json] Model built in 9.07s
[2014-12-01_reserves_0.json] Solving with 3 threads...

[2014-12-01_reserves_1.json] Loading data...
[2014-12-01_reserves_1.json] Data loaded in 0.01s
[2014-12-01_reserves_1.json] Building model...
[2014-12-01_reserves_1.json] Model built in 10.24s
[2014-12-01_reserves_1.json] Solving with 3 threads...

[2014-09-01_reserves_0.json] Loading data...
[2014-09-01_reserves_0.json] Data loaded in 0.00s
[2014-09-01_reserves_0.json] Building model...
[2014-09-01_reserves_0.json] Model built in 9.48s
[2014-09-01_reserves_0.json] Solving with 3 threads...

[2015-03-01_reserves_3.json] Loading data...
[2015-03-01_reserves_3.json] Data loaded in 0.00s
[2015-03-01_reserves_3.json] Building model...
[2015-03-01_reserves_3.json] Model built in 9.94s
[2015-03-01_reserves_3.json] Solving with 3 threads...

[2014-12-01_reserves_5.json] Loading data...
[2014-12-01_reserves_5.json] Data loaded in 0.01s
[2014-12-01_reserves_5.json] Building model...
[2014-12-01_reserves_5.json] Model built in 10.57s
[2014-12-01_reserves_5.json] Solving with 3 threads...

[2015-03-01_lw.json] Loading data...
[2015-03-01_lw.json] Data loaded in 0.04s
[2015-03-01_lw.json] Building model...
[2015-03-01_lw.json] Model built in 10.16s
[2015-03-01_lw.json] Solving with 3 threads...

[2015-11-02_hw.json] Loading data...
[2015-11-02_hw.json] Data loaded in 0.05s
[2015-11-02_hw.json] Building model...
[2015-11-02_hw.json] Model built in 10.88s
[2015-11-02_hw.json] Solving with 3 threads...

[2015-10-01_lw.json] Loading data...
[2015-10-01_lw.json] Data loaded in 0.05s
[2015-10-01_lw.json] Building model...
[2015-10-01_lw.json] Model built in 11.28s
[2015-10-01_lw.json] Solving with 3 threads...

[2015-06-01_hw.json] Loading data...
[2015-06-01_hw.json] Data loaded in 0.04s
[2015-06-01_hw.json] Building model...
[2015-06-01_hw.json] Model built in 11.58s
[2015-06-01_hw.json] Solving with 3 threads...

[2015-02-01_lw.json] Loading data...
[2015-02-01_lw.json] Data loaded in 0.04s
[2015-02-01_lw.json] Building model...
[2015-02-01_lw.json] Model built in 12.16s
[2015-02-01_lw.json] Solving with 3 threads...

[2015-11-02_lw.json] Loading data...
[2015-11-02_lw.json] Data loaded in 0.04s
[2015-11-02_lw.json] Building model...
[2015-11-02_lw.json] Model built in 13.38s
[2015-11-02_lw.json] Solving with 3 threads...

[2015-08-01_hw.json] Loading data...
[2015-08-01_hw.json] Data loaded in 0.04s
[2015-08-01_hw.json] Building model...
[2015-08-01_hw.json] Model built in 13.51s
[2015-08-01_hw.json] Solving with 3 threads...

[2015-03-01_hw.json] Loading data...
[2015-03-01_hw.json] Data loaded in 0.04s
[2015-03-01_hw.json] Building model...
[2015-03-01_hw.json] Model built in 13.19s
[2015-03-01_hw.json] Solving with 3 threads...

[2015-08-01_lw.json] Loading data...
[2015-08-01_lw.json] Data loaded in 0.04s
[2015-08-01_lw.json] Building model...
[2015-08-01_lw.json] Model built in 13.20s
[2015-08-01_lw.json] Solving with 3 threads...

[2015-01-01_lw.json] Loading data...
[2015-01-01_lw.json] Data loaded in 0.04s
[2015-01-01_lw.json] Building model...
[2015-01-01_lw.json] Model built in 13.09s
[2015-01-01_lw.json] Solving with 3 threads...

[2015-01-01_hw.json] Loading data...
[2015-01-01_hw.json] Data loaded in 0.04s
[2015-01-01_hw.json] Building model...
[2015-01-01_hw.json] Model built in 13.06s
[2015-01-01_hw.json] Solving with 3 threads...

[2015-07-01_hw.json] Loading data...
[2015-07-01_hw.json] Data loaded in 0.04s
[2015-07-01_hw.json] Building model...
[2015-07-01_hw.json] Model built in 13.55s
[2015-07-01_hw.json] Solving with 3 threads...

[2015-09-01_hw.json] Loading data...
[2015-09-01_hw.json] Data loaded in 0.04s
[2015-09-01_hw.json] Building model...
[2015-09-01_hw.json] Model built in 13.57s
[2015-09-01_hw.json] Solving with 3 threads...

[2015-10-01_hw.json] Loading data...
[2015-10-01_hw.json] Data loaded in 0.04s
[2015-10-01_hw.json] Building model...
[2015-10-01_hw.json] Model built in 13.73s
[2015-10-01_hw.json] Solving with 3 threads...

[2015-05-01_hw.json] Loading data...
[2015-05-01_hw.json] Data loaded in 0.04s
[2015-05-01_hw.json] Building model...
[2015-05-01_hw.json] Model built in 13.43s
[2015-05-01_hw.json] Solving with 3 threads...

[2015-05-01_lw.json] Loading data...
[2015-05-01_lw.json] Data loaded in 0.05s
[2015-05-01_lw.json] Building model...
[2015-05-01_lw.json] Model built in 13.46s
[2015-05-01_lw.json] Solving with 3 threads...

[2015-04-01_lw.json] Loading data...
[2015-04-01_lw.json] Data loaded in 0.04s
[2015-04-01_lw.json] Building model...
[2015-04-01_lw.json] Model built in 14.05s
[2015-04-01_lw.json] Solving with 3 threads...

[2015-06-01_lw.json] Loading data...
[2015-06-01_lw.json] Data loaded in 0.04s
[2015-06-01_lw.json] Building model...
[2015-06-01_lw.json] Model built in 13.47s
[2015-06-01_lw.json] Solving with 3 threads...

[2015-04-01_hw.json] Loading data...
[2015-04-01_hw.json] Data loaded in 0.04s
[2015-04-01_hw.json] Building model...
[2015-04-01_hw.json] Model built in 13.33s
[2015-04-01_hw.json] Solving with 3 threads...

[2015-07-01_lw.json] Loading data...
[2015-07-01_lw.json] Data loaded in 0.05s
[2015-07-01_lw.json] Building model...
[2015-07-01_lw.json] Model built in 13.43s
[2015-07-01_lw.json] Solving with 3 threads...

[2015-09-01_lw.json] Loading data...
[2015-09-01_lw.json] Data loaded in 0.04s
[2015-09-01_lw.json] Building model...
[2015-09-01_lw.json] Model built in 14.01s
[2015-09-01_lw.json] Solving with 3 threads...

[2015-02-01_hw.json] Loading data...
[2015-02-01_hw.json] Data loaded in 0.05s
[2015-02-01_hw.json] Building model...
[2015-02-01_hw.json] Model built in 14.24s
[2015-02-01_hw.json] Solving with 3 threads...
[2015-06-01_reserves_0.json] Status: optimal, Solve time: 124.42s, Objective: 41685.40

[2015-12-01_hw.json] Loading data...
[2015-12-01_hw.json] Data loaded in 0.01s
[2015-12-01_hw.json] Building model...
[2015-12-01_hw.json] Model built in 15.92s
[2015-12-01_hw.json] Solving with 3 threads...
[2015-03-01_reserves_1.json] Status: optimal, Solve time: 154.84s, Objective: 31845.61

[2020-01-27.json] Loading data...
[2020-01-27.json] Data loaded in 0.00s
[2020-01-27.json] Building model...
[2020-01-27.json] Model built in 3.06s
[2020-01-27.json] Solving with 3 threads...
[2015-06-01_reserves_3.json] Status: optimal, Solve time: 157.95s, Objective: 41830.21

[2020-02-09.json] Loading data...
[2020-02-09.json] Data loaded in 0.00s
[2020-02-09.json] Building model...
[2020-02-09.json] Model built in 3.19s
[2020-02-09.json] Solving with 3 threads...
[2014-09-01_reserves_0.json] Status: optimal, Solve time: 172.88s, Objective: 48255.06

[2020-03-05.json] Loading data...
[2020-03-05.json] Data loaded in 0.00s
[2020-03-05.json] Building model...
[2020-03-05.json] Model built in 2.93s
[2020-03-05.json] Solving with 3 threads...
[2014-09-01_reserves_3.json] Status: optimal, Solve time: 147.86s, Objective: 48436.02

[2015-12-01_lw.json] Loading data...
[2015-12-01_lw.json] Data loaded in 0.01s
[2015-12-01_lw.json] Building model...
[2015-12-01_lw.json] Model built in 16.47s
[2015-12-01_lw.json] Solving with 3 threads...
[2020-02-09.json] Status: optimal, Solve time: 20.96s, Objective: 2180374.14

[2020-04-03.json] Loading data...
[2020-04-03.json] Data loaded in 0.00s
[2020-04-03.json] Building model...
[2020-04-03.json] Model built in 1.48s
[2020-04-03.json] Solving with 3 threads...
[2014-12-01_reserves_0.json] Status: optimal, Solve time: 187.34s, Objective: 39238.27

[2020-05-05.json] Loading data...
[2020-05-05.json] Data loaded in 0.00s
[2020-05-05.json] Building model...
[2020-05-05.json] Model built in 3.01s
[2020-05-05.json] Solving with 3 threads...
[2015-03-01_reserves_0.json] Status: optimal, Solve time: 189.40s, Objective: 31799.77

[2020-06-09.json] Loading data...
[2020-06-09.json] Data loaded in 0.00s
[2020-06-09.json] Building model...
[2020-06-09.json] Model built in 4.89s
[2020-06-09.json] Solving with 3 threads...
[2015-03-01_reserves_5.json] Status: optimal, Solve time: 197.42s, Objective: 31964.21

[2020-07-06.json] Loading data...
[2020-07-06.json] Data loaded in 0.00s
[2020-07-06.json] Building model...
[2020-07-06.json] Model built in 2.90s
[2020-07-06.json] Solving with 3 threads...
[2014-09-01_reserves_5.json] Status: optimal, Solve time: 199.73s, Objective: 48565.20

[2020-08-12.json] Loading data...
[2020-08-12.json] Data loaded in 0.00s
[2020-08-12.json] Building model...
[2020-08-12.json] Model built in 3.21s
[2020-08-12.json] Solving with 3 threads...
[2020-06-09.json] Status: optimal, Solve time: 18.08s, Objective: 3723100.34

[2020-09-20.json] Loading data...
[2020-09-20.json] Data loaded in 0.00s
[2020-09-20.json] Building model...
[2020-09-20.json] Model built in 1.51s
[2020-09-20.json] Solving with 3 threads...
[2020-07-06.json] Status: optimal, Solve time: 16.74s, Objective: 3742191.06

[2020-10-27.json] Loading data...
[2020-10-27.json] Data loaded in 0.00s
[2020-10-27.json] Building model...
[2020-10-27.json] Model built in 1.61s
[2020-10-27.json] Solving with 3 threads...
[2020-08-12.json] Status: optimal, Solve time: 19.09s, Objective: 5067539.92

[2020-12-23.json] Loading data...
[2020-12-23.json] Data loaded in 0.00s
[2020-12-23.json] Building model...
[2020-12-23.json] Model built in 1.61s
[2020-12-23.json] Solving with 3 threads...
[2015-06-01_reserves_1.json] Status: optimal, Solve time: 222.55s, Objective: 41723.27

[2020-11-25.json] Loading data...
[2020-11-25.json] Data loaded in 0.00s
[2020-11-25.json] Building model...
[2020-11-25.json] Model built in 3.21s
[2020-11-25.json] Solving with 3 threads...
[2014-12-01_reserves_3.json] Status: optimal, Solve time: 231.31s, Objective: 39347.11
[2020-09-20.json] Status: optimal, Solve time: 24.34s, Objective: 2968327.02
[Scenario400_reserves_1.json] Status: optimal, Solve time: 232.29s, Objective: 33609.42
[Scenario400_reserves_5.json] Status: optimal, Solve time: 244.99s, Objective: 33906.35
[2020-10-27.json] Status: optimal, Solve time: 34.86s, Objective: 1800830.32
[2014-12-01_reserves_5.json] Status: optimal, Solve time: 243.67s, Objective: 39533.14
[2014-09-01_reserves_1.json] Status: optimal, Solve time: 246.80s, Objective: 48298.68
[Scenario400_reserves_0.json] Status: optimal, Solve time: 253.85s, Objective: 33579.30
[2020-03-05.json] Status: optimal, Solve time: 89.32s, Objective: 2519231.11
[2014-12-01_reserves_1.json] Status: optimal, Solve time: 258.10s, Objective: 39272.45
[Scenario400_reserves_3.json] Status: optimal, Solve time: 283.36s, Objective: 33754.26
[2020-04-03.json] Status: optimal, Solve time: 159.06s, Objective: 2048611.43
[2020-01-27.json] Status: optimal, Solve time: 196.20s, Objective: 1237732.05
[2015-06-01_reserves_5.json] Status: optimal, Solve time: 283.82s, Objective: 41917.92
[2020-12-23.json] Status: optimal, Solve time: 141.40s, Objective: 2721184.19
[2015-03-01_reserves_3.json] Status: optimal, Solve time: 283.68s, Objective: 31921.63
[2020-11-25.json] Status: optimal, Solve time: 152.96s, Objective: 969327.15
[2020-05-05.json] Status: optimal, Solve time: 1618.77s, Objective: 2445543.93
[2015-03-01_lw.json] Status: optimal, Solve time: 3868.47s, Objective: 103859608.14
[2015-04-01_lw.json] Status: optimal, Solve time: 3066.26s, Objective: 57247399.10
[2015-05-01_lw.json] Status: optimal, Solve time: 4067.13s, Objective: 46652990.47
[2015-06-01_hw.json] Status: optimal, Solve time: 5184.02s, Objective: 50616097.77
[2015-06-01_lw.json] Status: optimal, Solve time: 4132.09s, Objective: 61952962.09
[2015-02-01_lw.json] Status: optimal, Solve time: 5485.70s, Objective: 97298280.63
[2015-07-01_lw.json] Status: optimal, Solve time: 5040.38s, Objective: 70778106.62
[2015-12-01_lw.json] Status: optimal, Solve time: 6247.74s, Objective: 76345522.40
[2015-05-01_hw.json] Status: optimal, Solve time: 5558.32s, Objective: 36652785.59
[2015-11-02_lw.json] Status: optimal, Solve time: 6526.26s, Objective: 66758116.69
[2015-07-01_hw.json] Status: optimal, Solve time: 6248.30s, Objective: 55097176.91
[2015-02-01_hw.json] Status: optimal, Solve time: 6490.51s, Objective: 46340343.62
[2015-12-01_hw.json] Status: optimal, Solve time: 6895.04s, Objective: 36875171.42
[2015-03-01_hw.json] Status: optimal, Solve time: 6031.01s, Objective: 68515271.33
[2015-01-01_lw.json] Status: optimal, Solve time: 6588.22s, Objective: 84790283.22
[2015-04-01_hw.json] Status: optimal, Solve time: 6781.20s, Objective: 21017034.19
[2015-09-01_lw.json] Status: optimal, Solve time: 7480.26s, Objective: 115515914.79
[2015-11-02_hw.json] Status: optimal, Solve time: 7567.55s, Objective: 49938780.45
[2015-08-01_lw.json] Status: optimal, Solve time: 7864.46s, Objective: 81595834.48
[2015-09-01_hw.json] Status: optimal, Solve time: 7632.45s, Objective: 92067728.08
[2015-10-01_lw.json] Status: optimal, Solve time: 8474.33s, Objective: 61158092.18
[2015-08-01_hw.json] Status: optimal, Solve time: 18229.14s, Objective: 49806687.25
[2015-10-01_hw.json] Status: optimal, Solve time: 8382.51s, Objective: 13779458.05

================================================================================
SUMMARY
================================================================================

Results saved to res_parallel.csv

Total instances processed: 56
Total instances (including skipped): 56
Total wall-clock time: 18996.81s (316.61 minutes)

Successful solves: 56
Failed solves: 0

Solve time statistics (successful instances):
  Min: 16.74s
  Max: 18982.70s
  Avg: 3207.72s
  Total CPU time: 179632.10s
  Speedup: 9.46x
